<?xml version="1.0" encoding="UTF-8"?>
<!-- Generated by org.testng.reporters.JUnitReportReporter -->
<testsuite skipped="3" hostname="DESKTOP-R1MUA42" name="com.crm.qa.testcases.LoginPage1Test" tests="4" failures="0" timestamp="20 Jan 2022 05:46:30 GMT" time="2.267" errors="1">
  <testcase name="setUp" time="2.267" classname="com.crm.qa.testcases.LoginPage1Test">
    <error type="org.openqa.selenium.SessionNotCreatedException" message="session not created: This version of ChromeDriver only supports Chrome version 95
Current browser version is 97.0.4692.71 with binary path C:\Program Files\Google\Chrome\Application\chrome.exe
Build info: version: &#039;3.141.59&#039;, revision: &#039;e82be7d358&#039;, time: &#039;2018-11-14T08:17:03&#039;
System info: host: &#039;DESKTOP-R1MUA42&#039;, ip: &#039;192.168.1.127&#039;, os.name: &#039;Windows 10&#039;, os.arch: &#039;amd64&#039;, os.version: &#039;10.0&#039;, java.version: &#039;1.8.0_241&#039;
Driver info: driver.version: ChromeDriver
remote stacktrace: Backtrace:
	Ordinal0 [0x00B506F3+2492147]
	Ordinal0 [0x00AE9BD1+2071505]
	Ordinal0 [0x009F2478+1057912]
	Ordinal0 [0x00A10631+1181233]
	Ordinal0 [0x00A0C43B+1164347]
	Ordinal0 [0x00A09C9F+1154207]
	Ordinal0 [0x00A39DFF+1351167]
	Ordinal0 [0x00A39A6A+1350250]
	Ordinal0 [0x00A3568B+1332875]
	Ordinal0 [0x00A121D4+1188308]
	Ordinal0 [0x00A1302F+1191983]
	GetHandleVerifier [0x00CD67A6+1545030]
	GetHandleVerifier [0x00D8105C+2243580]
	GetHandleVerifier [0x00BDBC97+518199]
	GetHandleVerifier [0x00BDAD80+514336]
	Ordinal0 [0x00AEED2D+2092333]
	Ordinal0 [0x00AF2EE8+2109160]
	Ordinal0 [0x00AF3022+2109474]
	Ordinal0 [0x00AFCB71+2149233]
	BaseThreadInitThunk [0x75D6FA29+25]
	RtlGetAppContainerNamedObjectPath [0x77D47A9E+286]
	RtlGetAppContainerNamedObjectPath [0x77D47A6E+238]
">
      <![CDATA[org.openqa.selenium.SessionNotCreatedException: session not created: This version of ChromeDriver only supports Chrome version 95
Current browser version is 97.0.4692.71 with binary path C:\Program Files\Google\Chrome\Application\chrome.exe
Build info: version: '3.141.59', revision: 'e82be7d358', time: '2018-11-14T08:17:03'
System info: host: 'DESKTOP-R1MUA42', ip: '192.168.1.127', os.name: 'Windows 10', os.arch: 'amd64', os.version: '10.0', java.version: '1.8.0_241'
Driver info: driver.version: ChromeDriver
remote stacktrace: Backtrace:
Ordinal0 [0x00B506F3+2492147]
Ordinal0 [0x00AE9BD1+2071505]
Ordinal0 [0x009F2478+1057912]
Ordinal0 [0x00A10631+1181233]
Ordinal0 [0x00A0C43B+1164347]
Ordinal0 [0x00A09C9F+1154207]
Ordinal0 [0x00A39DFF+1351167]
Ordinal0 [0x00A39A6A+1350250]
Ordinal0 [0x00A3568B+1332875]
Ordinal0 [0x00A121D4+1188308]
Ordinal0 [0x00A1302F+1191983]
GetHandleVerifier [0x00CD67A6+1545030]
GetHandleVerifier [0x00D8105C+2243580]
GetHandleVerifier [0x00BDBC97+518199]
GetHandleVerifier [0x00BDAD80+514336]
Ordinal0 [0x00AEED2D+2092333]
Ordinal0 [0x00AF2EE8+2109160]
Ordinal0 [0x00AF3022+2109474]
Ordinal0 [0x00AFCB71+2149233]
BaseThreadInitThunk [0x75D6FA29+25]
RtlGetAppContainerNamedObjectPath [0x77D47A9E+286]
RtlGetAppContainerNamedObjectPath [0x77D47A6E+238]

at sun.reflect.NativeConstructorAccessorImpl.newInstance0(Native Method)
at sun.reflect.NativeConstructorAccessorImpl.newInstance(NativeConstructorAccessorImpl.java:62)
at sun.reflect.DelegatingConstructorAccessorImpl.newInstance(DelegatingConstructorAccessorImpl.java:45)
at java.lang.reflect.Constructor.newInstance(Constructor.java:423)
at org.openqa.selenium.remote.W3CHandshakeResponse.lambda$errorHandler$0(W3CHandshakeResponse.java:62)
at org.openqa.selenium.remote.HandshakeResponse.lambda$getResponseFunction$0(HandshakeResponse.java:30)
at org.openqa.selenium.remote.ProtocolHandshake.lambda$createSession$0(ProtocolHandshake.java:126)
at java.util.stream.ReferencePipeline$3$1.accept(ReferencePipeline.java:193)
at java.util.Spliterators$ArraySpliterator.tryAdvance(Spliterators.java:958)
at java.util.stream.ReferencePipeline.forEachWithCancel(ReferencePipeline.java:126)
at java.util.stream.AbstractPipeline.copyIntoWithCancel(AbstractPipeline.java:499)
at java.util.stream.AbstractPipeline.copyInto(AbstractPipeline.java:486)
at java.util.stream.AbstractPipeline.wrapAndCopyInto(AbstractPipeline.java:472)
at java.util.stream.FindOps$FindOp.evaluateSequential(FindOps.java:152)
at java.util.stream.AbstractPipeline.evaluate(AbstractPipeline.java:234)
at java.util.stream.ReferencePipeline.findFirst(ReferencePipeline.java:464)
at org.openqa.selenium.remote.ProtocolHandshake.createSession(ProtocolHandshake.java:128)
at org.openqa.selenium.remote.ProtocolHandshake.createSession(ProtocolHandshake.java:74)
at org.openqa.selenium.remote.HttpCommandExecutor.execute(HttpCommandExecutor.java:136)
at org.openqa.selenium.remote.service.DriverCommandExecutor.execute(DriverCommandExecutor.java:83)
at org.openqa.selenium.remote.RemoteWebDriver.execute(RemoteWebDriver.java:552)
at org.openqa.selenium.remote.RemoteWebDriver.startSession(RemoteWebDriver.java:213)
at org.openqa.selenium.remote.RemoteWebDriver.<init>(RemoteWebDriver.java:131)
at org.openqa.selenium.chrome.ChromeDriver.<init>(ChromeDriver.java:181)
at org.openqa.selenium.chrome.ChromeDriver.<init>(ChromeDriver.java:168)
at org.openqa.selenium.chrome.ChromeDriver.<init>(ChromeDriver.java:123)
at com.crm.qa.base.TestBase.initialization(TestBase.java:44)
at com.crm.qa.testcases.LoginPage1Test.setUp(LoginPage1Test.java:25)
at sun.reflect.NativeMethodAccessorImpl.invoke0(Native Method)
at sun.reflect.NativeMethodAccessorImpl.invoke(NativeMethodAccessorImpl.java:62)
at sun.reflect.DelegatingMethodAccessorImpl.invoke(DelegatingMethodAccessorImpl.java:43)
at java.lang.reflect.Method.invoke(Method.java:498)
at org.testng.internal.MethodInvocationHelper.invokeMethod(MethodInvocationHelper.java:124)
at org.testng.internal.MethodInvocationHelper.invokeMethodConsideringTimeout(MethodInvocationHelper.java:59)
at org.testng.internal.Invoker.invokeConfigurationMethod(Invoker.java:458)
at org.testng.internal.Invoker.invokeConfigurations(Invoker.java:222)
at org.testng.internal.Invoker.invokeMethod(Invoker.java:523)
at org.testng.internal.Invoker.invokeTestMethod(Invoker.java:719)
at org.testng.internal.Invoker.invokeTestMethods(Invoker.java:989)
at org.testng.internal.TestMethodWorker.invokeTestMethods(TestMethodWorker.java:125)
at org.testng.internal.TestMethodWorker.run(TestMethodWorker.java:109)
at org.testng.TestRunner.privateRun(TestRunner.java:648)
at org.testng.TestRunner.run(TestRunner.java:505)
at org.testng.SuiteRunner.runTest(SuiteRunner.java:455)
at org.testng.SuiteRunner.runSequentially(SuiteRunner.java:450)
at org.testng.SuiteRunner.privateRun(SuiteRunner.java:415)
at org.testng.SuiteRunner.run(SuiteRunner.java:364)
at org.testng.SuiteRunnerWorker.runSuite(SuiteRunnerWorker.java:52)
at org.testng.SuiteRunnerWorker.run(SuiteRunnerWorker.java:84)
at org.testng.TestNG.runSuitesSequentially(TestNG.java:1208)
at org.testng.TestNG.runSuitesLocally(TestNG.java:1137)
at org.testng.TestNG.runSuites(TestNG.java:1049)
at org.testng.TestNG.run(TestNG.java:1017)
at org.apache.maven.surefire.testng.TestNGExecutor.run(TestNGExecutor.java:283)
at org.apache.maven.surefire.testng.TestNGXmlTestSuite.execute(TestNGXmlTestSuite.java:75)
at org.apache.maven.surefire.testng.TestNGProvider.invoke(TestNGProvider.java:120)
at org.apache.maven.surefire.booter.ForkedBooter.invokeProviderInSameClassLoader(ForkedBooter.java:384)
at org.apache.maven.surefire.booter.ForkedBooter.runSuitesInProcess(ForkedBooter.java:345)
at org.apache.maven.surefire.booter.ForkedBooter.execute(ForkedBooter.java:126)
at org.apache.maven.surefire.booter.ForkedBooter.main(ForkedBooter.java:418)
]]>
    </error>
  </testcase> <!-- setUp -->
  <testcase name="loginPage1TitleTest" time="0.000" classname="com.crm.qa.testcases.LoginPage1Test">
    <skipped/>
  </testcase> <!-- loginPage1TitleTest -->
  <testcase name="FreeCrmLogoTest" time="0.000" classname="com.crm.qa.testcases.LoginPage1Test">
    <skipped/>
  </testcase> <!-- FreeCrmLogoTest -->
  <testcase name="validateLogin1Test" time="0.000" classname="com.crm.qa.testcases.LoginPage1Test">
    <skipped/>
  </testcase> <!-- validateLogin1Test -->
</testsuite> <!-- com.crm.qa.testcases.LoginPage1Test -->
